#
# There is insufficient memory for the Java Runtime Environment to continue.
# Native memory allocation (malloc) failed to allocate 32744 bytes for ChunkPool::allocate
# Possible reasons:
#   The system is out of physical RAM or swap space
#   The process is running with CompressedOops enabled, and the Java Heap may be blocking the growth of the native heap
# Possible solutions:
#   Reduce memory load on the system
#   Increase physical memory or swap space
#   Check if swap backing store is full
#   Decrease Java heap size (-Xmx/-Xms)
#   Decrease number of Java threads
#   Decrease Java thread stack sizes (-Xss)
#   Set larger code cache with -XX:ReservedCodeCacheSize=
#   JVM is running with Zero Based Compressed Oops mode in which the Java heap is
#     placed in the first 32GB address space. The Java Heap base address is the
#     maximum limit for the native heap growth. Please use -XX:HeapBaseMinAddress
#     to set the Java Heap base and to place the Java Heap above 32GB virtual address.
# This output file may be truncated or incomplete.
#
#  Out of Memory Error (allocation.cpp:272), pid=14824, tid=0x0000000000004a1c
#
# JRE version: Java(TM) SE Runtime Environment (8.0_221-b11) (build 1.8.0_221-b11)
# Java VM: Java HotSpot(TM) 64-Bit Server VM (25.221-b11 mixed mode windows-amd64 compressed oops)
# Failed to write core dump. Minidumps are not enabled by default on client versions of Windows
#

---------------  T H R E A D  ---------------

Current thread (0x000000001d58d800):  JavaThread "AWT-EventQueue-0" [_thread_in_native, id=18972, stack(0x000000001e200000,0x000000001e300000)]

Stack: [0x000000001e200000,0x000000001e300000]
[error occurred during error reporting (printing stack bounds), id 0xc0000005]

Native frames: (J=compiled Java code, j=interpreted, Vv=VM code, C=native code)

Java frames: (J=compiled Java code, j=interpreted, Vv=VM code)
j  java.util.WeakHashMap$KeySet.iterator()Ljava/util/Iterator;+0
j  java.util.Collections$SynchronizedCollection.iterator()Ljava/util/Iterator;+4
j  java.util.AbstractCollection.addAll(Ljava/util/Collection;)Z+3
j  java.util.HashSet.<init>(Ljava/util/Collection;)V+35
j  sun.awt.SunDisplayChanger.notifyListeners()V+40
j  sun.awt.Win32GraphicsDevice.displayChanged()V+19
j  sun.awt.Win32GraphicsEnvironment.displayChanged()V+198
j  sun.awt.windows.WToolkit.lambda$displayChanged$2()V+6
j  sun.awt.windows.WToolkit$$Lambda$16.run()V+0
j  java.awt.event.InvocationEvent.dispatch()V+47
j  java.awt.EventQueue.dispatchEventImpl(Ljava/awt/AWTEvent;Ljava/lang/Object;)V+21
j  java.awt.EventQueue.access$500(Ljava/awt/EventQueue;Ljava/awt/AWTEvent;Ljava/lang/Object;)V+3
j  java.awt.EventQueue$3.run()Ljava/lang/Void;+32
j  java.awt.EventQueue$3.run()Ljava/lang/Object;+1
v  ~StubRoutines::call_stub
j  java.security.AccessController.doPrivileged(Ljava/security/PrivilegedAction;Ljava/security/AccessControlContext;)Ljava/lang/Object;+0
j  java.security.ProtectionDomain$JavaSecurityAccessImpl.doIntersectionPrivilege(Ljava/security/PrivilegedAction;Ljava/security/AccessControlContext;Ljava/security/AccessControlContext;)Ljava/lang/Object;+18
j  java.awt.EventQueue.dispatchEvent(Ljava/awt/AWTEvent;)V+46
j  java.awt.EventDispatchThread.pumpOneEventForFilters(I)V+140
j  java.awt.EventDispatchThread.pumpEventsForFilter(ILjava/awt/Conditional;Ljava/awt/EventFilter;)V+35
j  java.awt.EventDispatchThread.pumpEventsForHierarchy(ILjava/awt/Conditional;Ljava/awt/Component;)V+11
j  java.awt.EventDispatchThread.pumpEvents(ILjava/awt/Conditional;)V+4
j  java.awt.EventDispatchThread.pumpEvents(Ljava/awt/Conditional;)V+3
j  java.awt.EventDispatchThread.run()V+9
v  ~StubRoutines::call_stub

---------------  P R O C E S S  ---------------

Java Threads: ( => current thread )
  0x00000000032d2800 JavaThread "DestroyJavaVM" [_thread_blocked, id=5224, stack(0x00000000031d0000,0x00000000032d0000)]
=>0x000000001d58d800 JavaThread "AWT-EventQueue-0" [_thread_in_native, id=18972, stack(0x000000001e200000,0x000000001e300000)]
  0x000000001d585800 JavaThread "AWT-Windows" daemon [_thread_in_native, id=27552, stack(0x000000001df10000,0x000000001e010000)]
  0x000000001d582800 JavaThread "AWT-Shutdown" [_thread_blocked, id=27576, stack(0x000000001de10000,0x000000001df10000)]
  0x000000001d582000 JavaThread "Java2D Disposer" daemon [_thread_blocked, id=27520, stack(0x000000001dd10000,0x000000001de10000)]
  0x000000001c789000 JavaThread "Service Thread" daemon [_thread_blocked, id=23584, stack(0x000000001d260000,0x000000001d360000)]
  0x000000001c705000 JavaThread "C1 CompilerThread3" daemon [_thread_blocked, id=27112, stack(0x000000001d160000,0x000000001d260000)]
  0x000000001c6fb800 JavaThread "C2 CompilerThread2" daemon [_thread_blocked, id=27104, stack(0x000000001d060000,0x000000001d160000)]
  0x000000001c6f4000 JavaThread "C2 CompilerThread1" daemon [_thread_blocked, id=20880, stack(0x000000001cf60000,0x000000001d060000)]
  0x000000001c6f1800 JavaThread "C2 CompilerThread0" daemon [_thread_blocked, id=26896, stack(0x000000001ce60000,0x000000001cf60000)]
  0x000000001c69a000 JavaThread "Attach Listener" daemon [_thread_blocked, id=25568, stack(0x000000001cd60000,0x000000001ce60000)]
  0x000000001c698800 JavaThread "Signal Dispatcher" daemon [_thread_blocked, id=25128, stack(0x000000001cc60000,0x000000001cd60000)]
  0x000000001c681800 JavaThread "Finalizer" daemon [_thread_blocked, id=10476, stack(0x000000001cb60000,0x000000001cc60000)]
  0x000000001c680800 JavaThread "Reference Handler" daemon [_thread_blocked, id=27616, stack(0x000000001ca60000,0x000000001cb60000)]

Other Threads:
  0x000000001a89a000 VMThread [stack: 0x000000001c560000,0x000000001c660000] [id=872]
  0x000000001c7ab800 WatcherThread [stack: 0x000000001d360000,0x000000001d460000] [id=21696]

VM state:not at safepoint (normal execution)

VM Mutex/Monitor currently owned by a thread: None

heap address: 0x0000000701c00000, size: 3044 MB, Compressed Oops mode: Zero based, Oop shift amount: 3
Narrow klass base: 0x0000000000000000, Narrow klass shift: 3
Compressed class space size: 1073741824 Address: 0x00000007c0000000

Heap:
 PSYoungGen      total 57344K, used 34367K [0x0000000780980000, 0x0000000784980000, 0x00000007c0000000)
  eden space 49152K, 69% used [0x0000000780980000,0x0000000782b0fe80,0x0000000783980000)
  from space 8192K, 0% used [0x0000000784180000,0x0000000784180000,0x0000000784980000)
  to   space 8192K, 0% used [0x0000000783980000,0x0000000783980000,0x0000000784180000)
 ParOldGen       total 131072K, used 0K [0x0000000701c00000, 0x0000000709c00000, 0x0000000780980000)
  object space 131072K, 0% used [0x0000000701c00000,0x0000000701c00000,0x0000000709c00000)
 Metaspace       used 9165K, capacity 9350K, committed 9472K, reserved 1056768K
  class space    used 1057K, capacity 1159K, committed 1280K, reserved 1048576K

Card table byte_map: [0x0000000012790000,0x0000000012d90000] byte_map_base: 0x000000000ef82000

Marking Bits: (ParMarkBitMap*) 0x0000000059765ce0
 Begin Bits: [0x0000000013990000, 0x0000000016920000)
 End Bits:   [0x0000000016920000, 0x00000000198b0000)

Polling page: 0x0000000000fc0000

CodeCache: size=245760Kb used=3086Kb max_used=3114Kb free=242673Kb
 bounds [0x00000000033d0000, 0x00000000036f0000, 0x00000000123d0000]
 total_blobs=1139 nmethods=695 adapters=357
 compilation: enabled

Compilation events (10 events):
Event: 1.309 Thread 0x000000001c705000 nmethod 689 0x00000000036a1b50 code [0x00000000036a1ca0, 0x00000000036a1e70]
Event: 1.317 Thread 0x000000001c705000  690       1       java.awt.AWTEvent::getID (5 bytes)
Event: 1.317 Thread 0x000000001c705000 nmethod 690 0x00000000036a1890 code [0x00000000036a19e0, 0x00000000036a1af0]
Event: 2.449 Thread 0x000000001c705000  691       3       java.util.ArrayList::get (11 bytes)
Event: 2.449 Thread 0x000000001c6fb800  692       4       java.util.HashSet::add (20 bytes)
Event: 2.449 Thread 0x000000001c705000 nmethod 691 0x00000000036a1190 code [0x00000000036a1320, 0x00000000036a1678]
Event: 2.450 Thread 0x000000001c6fb800 nmethod 692 0x000000000369f990 code [0x000000000369fae0, 0x000000000369fba8]
Event: 213.261 Thread 0x000000001c705000  694       3       java.lang.invoke.MethodType$ConcurrentWeakInternSet$WeakEntry::equals (49 bytes)
Event: 213.261 Thread 0x000000001c705000 nmethod 694 0x00000000036a0890 code [0x00000000036a0a20, 0x00000000036a1088]
Event: 213.261 Thread 0x000000001c705000  695       3       java.lang.invoke.MethodType::toMethodDescriptorString (21 bytes)

GC Heap History (0 events):
No events

Deoptimization events (10 events):
Event: 0.768 Thread 0x000000001d58d800 Uncommon trap: reason=unstable_if action=reinterpret pc=0x000000000362fd3c method=java.lang.Character.isSurrogate(C)Z @ 3
Event: 0.768 Thread 0x000000001d58d800 Uncommon trap: reason=unstable_if action=reinterpret pc=0x00000000035949e8 method=java.lang.String.toLowerCase(Ljava/util/Locale;)Ljava/lang/String; @ 37
Event: 0.917 Thread 0x000000001d58d800 Uncommon trap: reason=class_check action=maybe_recompile pc=0x000000000365e080 method=sun.nio.ch.IOUtil.read(Ljava/io/FileDescriptor;Ljava/nio/ByteBuffer;JLsun/nio/ch/NativeDispatcher;)I @ 1
Event: 0.917 Thread 0x000000001d58d800 Uncommon trap: reason=class_check action=maybe_recompile pc=0x000000000365e080 method=sun.nio.ch.IOUtil.read(Ljava/io/FileDescriptor;Ljava/nio/ByteBuffer;JLsun/nio/ch/NativeDispatcher;)I @ 1
Event: 0.917 Thread 0x000000001d58d800 Uncommon trap: reason=class_check action=maybe_recompile pc=0x000000000365e080 method=sun.nio.ch.IOUtil.read(Ljava/io/FileDescriptor;Ljava/nio/ByteBuffer;JLsun/nio/ch/NativeDispatcher;)I @ 1
Event: 0.917 Thread 0x000000001d58d800 Uncommon trap: reason=class_check action=maybe_recompile pc=0x000000000365e080 method=sun.nio.ch.IOUtil.read(Ljava/io/FileDescriptor;Ljava/nio/ByteBuffer;JLsun/nio/ch/NativeDispatcher;)I @ 1
Event: 0.917 Thread 0x000000001d58d800 Uncommon trap: reason=class_check action=maybe_recompile pc=0x0000000003673974 method=sun.nio.ch.IOUtil.read(Ljava/io/FileDescriptor;Ljava/nio/ByteBuffer;JLsun/nio/ch/NativeDispatcher;)I @ 1
Event: 1.292 Thread 0x000000001d58d800 Uncommon trap: reason=unstable_if action=reinterpret pc=0x0000000003625da8 method=sun.font.TrueTypeFont.getDirectoryEntry(I)Lsun/font/TrueTypeFont$DirectoryEntry; @ 7
Event: 1.303 Thread 0x000000001d58d800 Uncommon trap: reason=unstable_if action=reinterpret pc=0x00000000036930d0 method=java.util.HashMap$HashIterator.<init>(Ljava/util/HashMap;)V @ 38
Event: 1.304 Thread 0x000000001d58d800 Uncommon trap: reason=predicate action=maybe_recompile pc=0x00000000035c428c method=java.util.ArrayList.indexOf(Ljava/lang/Object;)I @ 44

Classes redefined (0 events):
No events

Internal exceptions (10 events):
Event: 0.042 Thread 0x00000000032d2800 Exception <a 'java/lang/NoSuchMethodError': Method sun.misc.Unsafe.prefetchRead(Ljava/lang/Object;J)V name or signature does not match> (0x0000000780987fa0) thrown at [C:\re\workspace\8-2-build-windows-amd64-cygwin\jdk8u221\13320\hotspot\src\share\vm\prim
Event: 0.129 Thread 0x00000000032d2800 Exception <a 'java/security/PrivilegedActionException'> (0x0000000780a4c9f0) thrown at [C:\re\workspace\8-2-build-windows-amd64-cygwin\jdk8u221\13320\hotspot\src\share\vm\prims\jvm.cpp, line 1502]
Event: 0.129 Thread 0x00000000032d2800 Exception <a 'java/security/PrivilegedActionException'> (0x0000000780a4cc00) thrown at [C:\re\workspace\8-2-build-windows-amd64-cygwin\jdk8u221\13320\hotspot\src\share\vm\prims\jvm.cpp, line 1502]
Event: 0.130 Thread 0x00000000032d2800 Exception <a 'java/security/PrivilegedActionException'> (0x0000000780a50b10) thrown at [C:\re\workspace\8-2-build-windows-amd64-cygwin\jdk8u221\13320\hotspot\src\share\vm\prims\jvm.cpp, line 1502]
Event: 0.130 Thread 0x00000000032d2800 Exception <a 'java/security/PrivilegedActionException'> (0x0000000780a50d20) thrown at [C:\re\workspace\8-2-build-windows-amd64-cygwin\jdk8u221\13320\hotspot\src\share\vm\prims\jvm.cpp, line 1502]
Event: 0.142 Thread 0x00000000032d2800 Exception <a 'java/io/FileNotFoundException'> (0x0000000780a5d788) thrown at [C:\re\workspace\8-2-build-windows-amd64-cygwin\jdk8u221\13320\hotspot\src\share\vm\prims\jni.cpp, line 710]
Event: 0.180 Thread 0x00000000032d2800 Exception <a 'java/lang/NoSuchFieldError': method resolution failed> (0x0000000780c249c8) thrown at [C:\re\workspace\8-2-build-windows-amd64-cygwin\jdk8u221\13320\hotspot\src\share\vm\prims\methodHandles.cpp, line 1167]
Event: 0.182 Thread 0x00000000032d2800 Exception <a 'java/lang/NoSuchFieldError': method resolution failed> (0x0000000780c31d98) thrown at [C:\re\workspace\8-2-build-windows-amd64-cygwin\jdk8u221\13320\hotspot\src\share\vm\prims\methodHandles.cpp, line 1167]
Event: 0.256 Thread 0x000000001d58d800 Exception <a 'java/io/FileNotFoundException'> (0x0000000780e59708) thrown at [C:\re\workspace\8-2-build-windows-amd64-cygwin\jdk8u221\13320\hotspot\src\share\vm\prims\jni.cpp, line 710]
Event: 1.303 Thread 0x000000001d58d800 Implicit null exception at 0x0000000003692e80 to 0x00000000036930b9

Events (10 events):
Event: 1.318 loading class javax/swing/text/JTextComponent done
Event: 1.318 loading class java/util/concurrent/locks/LockSupport
Event: 1.318 loading class java/util/concurrent/locks/LockSupport done
Event: 2.433 loading class java/awt/KeyboardFocusManager$2
Event: 2.433 loading class java/awt/KeyboardFocusManager$2 done
Event: 2.434 loading class sun/awt/SunToolkit$1
Event: 2.434 loading class sun/awt/SunToolkit$1 done
Event: 4.164 Executing VM operation: EnableBiasedLocking
Event: 4.164 Executing VM operation: EnableBiasedLocking done
Event: 213.262 loading class java/util/WeakHashMap$KeyIterator


Dynamic libraries:
0x00007ff730ee0000 - 0x00007ff730f17000 	C:\Program Files\Java\jdk1.8.0_221\bin\javaw.exe
0x00007ffbcc7e0000 - 0x00007ffbcc9d0000 	C:\WINDOWS\SYSTEM32\ntdll.dll
0x00007ffbcb570000 - 0x00007ffbcb622000 	C:\WINDOWS\System32\KERNEL32.DLL
0x00007ffbc9840000 - 0x00007ffbc9ae3000 	C:\WINDOWS\System32\KERNELBASE.dll
0x00007ffbcb7d0000 - 0x00007ffbcb873000 	C:\WINDOWS\System32\ADVAPI32.dll
0x00007ffbca9c0000 - 0x00007ffbcaa5e000 	C:\WINDOWS\System32\msvcrt.dll
0x00007ffbcb330000 - 0x00007ffbcb3c7000 	C:\WINDOWS\System32\sechost.dll
0x00007ffbcaa70000 - 0x00007ffbcab90000 	C:\WINDOWS\System32\RPCRT4.dll
0x00007ffbcb3d0000 - 0x00007ffbcb564000 	C:\WINDOWS\System32\USER32.dll
0x00007ffbca690000 - 0x00007ffbca6b1000 	C:\WINDOWS\System32\win32u.dll
0x00007ffbcae80000 - 0x00007ffbcaea6000 	C:\WINDOWS\System32\GDI32.dll
0x00007ffbc9c90000 - 0x00007ffbc9e24000 	C:\WINDOWS\System32\gdi32full.dll
0x00007ffbc9bf0000 - 0x00007ffbc9c8e000 	C:\WINDOWS\System32\msvcp_win.dll
0x00007ffbc9af0000 - 0x00007ffbc9bea000 	C:\WINDOWS\System32\ucrtbase.dll
0x00007ffbbbea0000 - 0x00007ffbbc125000 	C:\WINDOWS\WinSxS\amd64_microsoft.windows.common-controls_6595b64144ccf1df_6.0.18362.592_none_e6c0b1911312be02\COMCTL32.dll
0x00007ffbcbb60000 - 0x00007ffbcbe96000 	C:\WINDOWS\System32\combase.dll
0x00007ffbca6c0000 - 0x00007ffbca740000 	C:\WINDOWS\System32\bcryptPrimitives.dll
0x00007ffbcb7a0000 - 0x00007ffbcb7ce000 	C:\WINDOWS\System32\IMM32.DLL
0x000000005a230000 - 0x000000005a302000 	C:\Program Files\Java\jdk1.8.0_221\jre\bin\msvcr100.dll
0x0000000058f40000 - 0x00000000597e5000 	C:\Program Files\Java\jdk1.8.0_221\jre\bin\server\jvm.dll
0x00007ffbcaa60000 - 0x00007ffbcaa68000 	C:\WINDOWS\System32\PSAPI.DLL
0x00007ffbc2e70000 - 0x00007ffbc2e7a000 	C:\WINDOWS\SYSTEM32\VERSION.dll
0x00007ffbc1890000 - 0x00007ffbc18b4000 	C:\WINDOWS\SYSTEM32\WINMM.dll
0x00007ffbb7bf0000 - 0x00007ffbb7bf9000 	C:\WINDOWS\SYSTEM32\WSOCK32.dll
0x00007ffbcb730000 - 0x00007ffbcb79f000 	C:\WINDOWS\System32\WS2_32.dll
0x00007ffbc1860000 - 0x00007ffbc188d000 	C:\WINDOWS\SYSTEM32\winmmbase.dll
0x00007ffbc97d0000 - 0x00007ffbc981a000 	C:\WINDOWS\System32\cfgmgr32.dll
0x00007ffbc5870000 - 0x00007ffbc587f000 	C:\Program Files\Java\jdk1.8.0_221\jre\bin\verify.dll
0x00007ffbb7050000 - 0x00007ffbb7079000 	C:\Program Files\Java\jdk1.8.0_221\jre\bin\java.dll
0x00007ffbc5810000 - 0x00007ffbc5826000 	C:\Program Files\Java\jdk1.8.0_221\jre\bin\zip.dll
0x00007ffbcbf00000 - 0x00007ffbcc5e5000 	C:\WINDOWS\System32\SHELL32.dll
0x00007ffbcadd0000 - 0x00007ffbcae79000 	C:\WINDOWS\System32\shcore.dll
0x00007ffbc9f10000 - 0x00007ffbca68f000 	C:\WINDOWS\System32\windows.storage.dll
0x00007ffbc9750000 - 0x00007ffbc976f000 	C:\WINDOWS\System32\profapi.dll
0x00007ffbc9700000 - 0x00007ffbc974a000 	C:\WINDOWS\System32\powrprof.dll
0x00007ffbc96b0000 - 0x00007ffbc96c0000 	C:\WINDOWS\System32\UMPDC.dll
0x00007ffbcbea0000 - 0x00007ffbcbef2000 	C:\WINDOWS\System32\shlwapi.dll
0x00007ffbc96c0000 - 0x00007ffbc96d1000 	C:\WINDOWS\System32\kernel.appcore.dll
0x00007ffbc9820000 - 0x00007ffbc9837000 	C:\WINDOWS\System32\cryptsp.dll
0x00007ffb7a890000 - 0x00007ffb7aa29000 	C:\Program Files\Java\jdk1.8.0_221\jre\bin\awt.dll
0x00007ffbcb8e0000 - 0x00007ffbcb9a4000 	C:\WINDOWS\System32\OLEAUT32.dll
0x00007ffbc73c0000 - 0x00007ffbc744f000 	C:\WINDOWS\SYSTEM32\apphelp.dll
0x00007ffbc7680000 - 0x00007ffbc7719000 	C:\WINDOWS\system32\uxtheme.dll
0x00007ffbcc660000 - 0x00007ffbcc795000 	C:\WINDOWS\System32\MSCTF.dll
0x00007ffbcab90000 - 0x00007ffbcace6000 	C:\WINDOWS\System32\ole32.dll
0x00007ffbc7bb0000 - 0x00007ffbc7bdd000 	C:\WINDOWS\system32\DWMAPI.DLL
0x00007ffba9a30000 - 0x00007ffba9b86000 	C:\WINDOWS\system32\opengl32.dll
0x00007ffbaa7d0000 - 0x00007ffbaa7fc000 	C:\WINDOWS\SYSTEM32\GLU32.dll
0x00007ffbc8320000 - 0x00007ffbc8340000 	C:\WINDOWS\SYSTEM32\dxcore.dll
0x00007ffbb4740000 - 0x00007ffbb4789000 	C:\Program Files\Java\jdk1.8.0_221\jre\bin\fontmanager.dll
0x00007ffbb7030000 - 0x00007ffbb704a000 	C:\Program Files\Java\jdk1.8.0_221\jre\bin\net.dll
0x00007ffbba630000 - 0x00007ffbba806000 	C:\WINDOWS\SYSTEM32\urlmon.dll
0x00007ffbbaaf0000 - 0x00007ffbbad96000 	C:\WINDOWS\SYSTEM32\iertutil.dll
0x00007ffbc90f0000 - 0x00007ffbc90fc000 	C:\WINDOWS\SYSTEM32\CRYPTBASE.DLL
0x00007ffbc8f20000 - 0x00007ffbc8f87000 	C:\WINDOWS\system32\mswsock.dll
0x00007ffbb4720000 - 0x00007ffbb4732000 	C:\Program Files\Java\jdk1.8.0_221\jre\bin\nio.dll
0x00007ffbbda20000 - 0x00007ffbbdabe000 	C:\WINDOWS\System32\TextInputFramework.dll
0x00007ffbc7110000 - 0x00007ffbc71e4000 	C:\WINDOWS\System32\CoreMessaging.dll
0x00007ffbc10c0000 - 0x00007ffbc13ea000 	C:\WINDOWS\System32\CoreUIComponents.dll
0x00007ffbc8710000 - 0x00007ffbc8741000 	C:\WINDOWS\SYSTEM32\ntmarta.dll
0x00007ffbc52f0000 - 0x00007ffbc5443000 	C:\WINDOWS\SYSTEM32\wintypes.dll
0x00007ffba2950000 - 0x00007ffba2992000 	C:\Program Files\Java\jdk1.8.0_221\jre\bin\t2k.dll

VM Arguments:
jvm_args: -Dfile.encoding=UTF-8 
java_command: com.subpage.Mysql_SubPage
java_class_path (initial): D:\Eclipse\eclipse-workspace\MyWorld\bin;D:\Eclipse\eclipse-workspace\MyWorld\picture.jar
Launcher Type: SUN_STANDARD

Environment Variables:
JAVA_HOME=C:\Program Files\Java\jdk1.8.0_221
CLASSPATH=.;C:\Program Files\Java\jdk1.8.0_221\lib
PATH=C:/Program Files/Java/jre1.8.0_221/bin/server;C:/Program Files/Java/jre1.8.0_221/bin;C:/Program Files/Java/jre1.8.0_221/lib/amd64;D:\IBM\ILOG\CPLEX_Studio_Community128\opl\bin\x64_win64;D:\IBM\ILOG\CPLEX_Studio_Community128\opl\oplide\;D:\IBM\ILOG\CPLEX_Studio_Community128\cplex\bin\x64_win64;D:\IBM\ILOG\CPLEX_Studio_Community128\cpoptimizer\bin\x64_win64;C:\Program Files\Java\jdk1.8.0_221;C:\Program Files (x86)\Common Files\Oracle\Java\javapath;C:\Program Files\Java\jdk1.8.0_221\bin;"C:\Program Files (x86)\Intel\iCLS Client\;C:\Program Files\Java\jdk1.8.0_221\bin";C:\Program Files\Intel\iCLS Client\;C:\Windows\system32;C:\Windows;C:\Windows\System32\Wbem;C:\Windows\System32\WindowsPowerShell\v1.0\;C:\Program Files (x86)\NVIDIA Corporation\PhysX\Common;C:\Program Files (x86)\Intel\Intel(R) Management Engine Components\DAL;C:\Program Files\Intel\Intel(R) Management Engine Components\DAL;C:\Program Files (x86)\Intel\Intel(R) Management Engine Components\IPT;C:\Program Files\Intel\Intel(R) Management Engine Components\IPT;C:\Program Files (x86)\Microsoft SQL Server\100\Tools\Binn\;C:\Program Files\Microsoft SQL Server\100\Tools\Binn\;C:\Program Files\Microsoft SQL Server\100\DTS\Binn\;C:\WINDOWS\system32;C:\WINDOWS;C:\WINDOWS\System32\Wbem;C:\WINDOWS\System32\WindowsPowerShell\v1.0\;C:\WINDOWS\System32\OpenSSH\;E:\MATLAB\bin\win32;D:\MATLAB\matlab\bin\win32;E:\Git\cmd;C:\Program Files (x86)\GtkSharp\2.12\bin;%MYSQL_HOME%\bin;C:\Program Files\Java\jdk1.8.0_221\bin;C:\Program Files\PuTTY\;C:\Program Files\nodejs\;E:\mysql-8.0.18-winx64\bin;E:\apache-tomcat-8.5.49\bin;E:\apache-tomcat-8.5.49\lib;E:\apache-maven-3.6.3\bin;E:\apache-maven-3.6.3\bin;C:\Users\ASUS\AppData\Local\Pandoc\;D:\360downloads\Microsoft VS Code\bin;C:\WINDOWS\system32;
USERNAME=ASUS
OS=Windows_NT
PROCESSOR_IDENTIFIER=Intel64 Family 6 Model 142 Stepping 10, GenuineIntel



---------------  S Y S T E M  ---------------

OS: Windows 10.0 , 64 bit Build 18362 (10.0.18362.329)

CPU:total 8 (initial active 8) (4 cores per cpu, 2 threads per core) family 6 model 142 stepping 10, cmov, cx8, fxsr, mmx, sse, sse2, sse3, ssse3, sse4.1, sse4.2, popcnt, avx, avx2, aes, clmul, erms, 3dnowpref, lzcnt, ht, tsc, tscinvbit, bmi1, bmi2, adx

Memory: 4k page, physical 12466856k(4142844k free), swap 27958308k(0k free)

vm_info: Java HotSpot(TM) 64-Bit Server VM (25.221-b11) for windows-amd64 JRE (1.8.0_221-b11), built on Jul  4 2019 04:39:29 by "java_re" with MS VC++ 10.0 (VS2010)

time: Tue Feb 11 02:41:31 2020
timezone: 中国标准时间
elapsed time: 213 seconds (0d 0h 3m 33s)

