#
# There is insufficient memory for the Java Runtime Environment to continue.
# Native memory allocation (malloc) failed to allocate 32744 bytes for ChunkPool::allocate
# Possible reasons:
#   The system is out of physical RAM or swap space
#   The process is running with CompressedOops enabled, and the Java Heap may be blocking the growth of the native heap
# Possible solutions:
#   Reduce memory load on the system
#   Increase physical memory or swap space
#   Check if swap backing store is full
#   Decrease Java heap size (-Xmx/-Xms)
#   Decrease number of Java threads
j  java.lang.invoke.LambdaForm.compileToBytecode()Ljava/lang/invoke/MemberName;+65
j  java.lang.invoke.DirectMethodHandle.makePreparedLambdaForm(Ljava/lang/invoke/MethodType;I)Ljava/lang/invoke/LambdaForm;+713
j  java.lang.invoke.DirectMethodHandle.preparedLambdaForm(Ljava/lang/invoke/MethodType;I)Ljava/lang/invoke/LambdaForm;+17
j  java.lang.invoke.DirectMethodHandle.preparedLambdaForm(Ljava/lang/invoke/MemberName;)Ljava/lang/invoke/LambdaForm;+151
j  java.lang.invoke.DirectMethodHandle.make(BLjava/lang/Class;Ljava/lang/invoke/MemberName;)Ljava/lang/invoke/DirectMethodHandle;+137
j  java.lang.invoke.MethodHandles$Lookup.getDirectMethodCommon(BLjava/lang/Class;Ljava/lang/invoke/MemberName;ZZLjava/lang/Class;)Ljava/lang/invoke/MethodHandle;+201
j  java.lang.invoke.MethodHandles$Lookup.getDirectMethodNoSecurityManager(BLjava/lang/Class;Ljava/lang/invoke/MemberName;Ljava/lang/Class;)Ljava/lang/invoke/MethodHandle;+8
j  java.lang.invoke.MethodHandles$Lookup.getDirectMethodForConstant(BLjava/lang/Class;Ljava/lang/invoke/MemberName;)Ljava/lang/invoke/MethodHandle;+30
j  java.lang.invoke.MethodHandles$Lookup.linkMethodHandleConstant(BLjava/lang/Class;Ljava/lang/String;Ljava/lang/Object;)Ljava/lang/invoke/MethodHandle;+115
j  java.lang.invoke.MethodHandleNatives.linkMethodHandleConstant(Ljava/lang/Class;ILjava/lang/Class;Ljava/lang/String;Ljava/lang/Object;)Ljava/lang/invoke/MethodHandle;+38
v  ~StubRoutines::call_stub
j  sun.awt.windows.WToolkit.displayChanged()V+0
v  ~StubRoutines::call_stub
j  sun.awt.windows.WToolkit.eventLoop()V+0
j  sun.awt.windows.WToolkit.run()V+58
j  java.lang.Thread.run()V+11
v  ~StubRoutines::call_stub

---------------  P R O C E S S  ---------------

Java Threads: ( => current thread )
  0x0000000002842800 JavaThread "DestroyJavaVM" [_thread_blocked, id=7100, stack(0x0000000002360000,0x0000000002460000)]
  0x000000001cb71800 JavaThread "AWT-EventQueue-0" [_thread_blocked, id=16188, stack(0x000000001d7b0000,0x000000001d8b0000)]
=>0x000000001cb69800 JavaThread "AWT-Windows" daemon [_thread_in_vm, id=25208, stack(0x000000001d520000,0x000000001d620000)]
  0x000000001cbe7800 JavaThread "AWT-Shutdown" [_thread_blocked, id=23760, stack(0x000000001d420000,0x000000001d520000)]
  0x000000001cbe6800 JavaThread "Java2D Disposer" daemon [_thread_blocked, id=24768, stack(0x000000001d320000,0x000000001d420000)]
  0x000000001bdb3800 JavaThread "Service Thread" daemon [_thread_blocked, id=25580, stack(0x000000001c870000,0x000000001c970000)]
  0x000000001bd15800 JavaThread "C1 CompilerThread3" daemon [_thread_blocked, id=17356, stack(0x000000001c770000,0x000000001c870000)]
  0x000000001bd14800 JavaThread "C2 CompilerThread2" daemon [_thread_blocked, id=25548, stack(0x000000001c670000,0x000000001c770000)]
  0x000000001bd07000 JavaThread "C2 CompilerThread1" daemon [_thread_blocked, id=12444, stack(0x000000001c570000,0x000000001c670000)]
  0x000000001bd01000 JavaThread "C2 CompilerThread0" daemon [_thread_blocked, id=21872, stack(0x000000001c470000,0x000000001c570000)]
  0x000000001bcff000 JavaThread "Attach Listener" daemon [_thread_blocked, id=20184, stack(0x000000001c370000,0x000000001c470000)]
  0x000000001bcab000 JavaThread "Signal Dispatcher" daemon [_thread_blocked, id=24504, stack(0x000000001c270000,0x000000001c370000)]
  0x0000000019eae000 JavaThread "Finalizer" daemon [_thread_blocked, id=17756, stack(0x000000001c170000,0x000000001c270000)]
  0x000000001bc90800 JavaThread "Reference Handler" daemon [_thread_blocked, id=25104, stack(0x000000001c070000,0x000000001c170000)]

Other Threads:
  0x0000000019eaa000 VMThread [stack: 0x000000001bb70000,0x000000001bc70000] [id=23208]
  0x000000001bd65000 WatcherThread [stack: 0x000000001c970000,0x000000001ca70000] [id=24996]

VM state:synchronizing (normal execution)

VM Mutex/Monitor currently owned by a thread:  ([mutex/lock_event])
[0x00000000029ddf70] Threads_lock - owner thread: 0x0000000019eaa000
[0x00000000029de1f0] Heap_lock - owner thread: 0x000000001bd15800
[0x0000000002840f50] MethodData_lock - owner thread: 0x000000001bd15800

heap address: 0x0000000701c00000, size: 3044 MB, Compressed Oops mode: Zero based, Oop shift amount: 3
Narrow klass base: 0x0000000000000000, Narrow klass shift: 3
Compressed class space size: 1073741824 Address: 0x00000007c0000000

Heap:
 PSYoungGen      total 57344K, used 34407K [0x0000000780980000, 0x0000000784980000, 0x00000007c0000000)
  eden space 49152K, 70% used [0x0000000780980000,0x0000000782b19ef0,0x0000000783980000)
  from space 8192K, 0% used [0x0000000784180000,0x0000000784180000,0x0000000784980000)
  to   space 8192K, 0% used [0x0000000783980000,0x0000000783980000,0x0000000784180000)
 ParOldGen       total 131072K, used 0K [0x0000000701c00000, 0x0000000709c00000, 0x0000000780980000)
  object space 131072K, 0% used [0x0000000701c00000,0x0000000701c00000,0x0000000709c00000)
 Metaspace       used 9203K, capacity 9348K, committed 9472K, reserved 1058816K
  class space    used 1061K, capacity 1158K, committed 1280K, reserved 1048576K

Card table byte_map: [0x0000000011da0000,0x00000000123a0000] byte_map_base: 0x000000000e592000

Marking Bits: (ParMarkBitMap*) 0x0000000059765ce0
 Begin Bits: [0x0000000012fa0000, 0x0000000015f30000)
 End Bits:   [0x0000000015f30000, 0x0000000018ec0000)

Polling page: 0x0000000000660000

CodeCache: size=245760Kb used=3108Kb max_used=3108Kb free=242651Kb
 bounds [0x00000000029e0000, 0x0000000002cf0000, 0x00000000119e0000]
 total_blobs=1163 nmethods=717 adapters=359
 compilation: enabled

Compilation events (10 events):
Event: 1.377 Thread 0x000000001bd15800 nmethod 712 0x0000000002cd0550 code [0x0000000002cd0720, 0x0000000002cd0f78]
Event: 1.378 Thread 0x000000001bd15800  713       3       java.awt.Component::isLightweight (8 bytes)
Event: 1.378 Thread 0x000000001bd15800 nmethod 713 0x0000000002cd0050 code [0x0000000002cd01c0, 0x0000000002cd04b0]
Event: 1191.692 Thread 0x000000001bd15800  714       3       sun.awt.AWTAutoShutdown::notifyToolkitThreadBusy (8 bytes)
Event: 1191.692 Thread 0x000000001bd15800 nmethod 714 0x0000000002ccfc50 code [0x0000000002ccfdc0, 0x0000000002ccff88]
Event: 1903.184 Thread 0x000000001bd15800  715       3       sun.awt.AWTAutoShutdown::notifyToolkitThreadFree (8 bytes)
Event: 1903.184 Thread 0x000000001bd15800 nmethod 715 0x0000000002ccf850 code [0x0000000002ccf9c0, 0x0000000002ccfb88]
Event: 2160.357 Thread 0x000000001bd15800  717       3       java.lang.invoke.MethodType$ConcurrentWeakInternSet$WeakEntry::equals (49 bytes)
Event: 2160.357 Thread 0x000000001bd15800 nmethod 717 0x0000000002ccef50 code [0x0000000002ccf0e0, 0x0000000002ccf748]
Event: 2160.359 Thread 0x000000001bd15800  718       3       java.lang.invoke.MethodType::toMethodDescriptorString (21 bytes)

GC Heap History (0 events):
No events

Deoptimization events (10 events):
Event: 0.710 Thread 0x000000001cb71800 Uncommon trap: reason=unstable_if action=reinterpret pc=0x0000000002b9f228 method=java.lang.String.toLowerCase(Ljava/util/Locale;)Ljava/lang/String; @ 37
Event: 0.710 Thread 0x000000001cb71800 Uncommon trap: reason=unstable_if action=reinterpret pc=0x0000000002c79150 method=java.lang.CharacterData00.toLowerCase(I)I @ 12
Event: 0.832 Thread 0x000000001cb71800 Uncommon trap: reason=class_check action=maybe_recompile pc=0x0000000002c6b000 method=sun.nio.ch.IOUtil.read(Ljava/io/FileDescriptor;Ljava/nio/ByteBuffer;JLsun/nio/ch/NativeDispatcher;)I @ 1
Event: 0.832 Thread 0x000000001cb71800 Uncommon trap: reason=class_check action=maybe_recompile pc=0x0000000002c6b000 method=sun.nio.ch.IOUtil.read(Ljava/io/FileDescriptor;Ljava/nio/ByteBuffer;JLsun/nio/ch/NativeDispatcher;)I @ 1
Event: 0.832 Thread 0x000000001cb71800 Uncommon trap: reason=class_check action=maybe_recompile pc=0x0000000002c6b000 method=sun.nio.ch.IOUtil.read(Ljava/io/FileDescriptor;Ljava/nio/ByteBuffer;JLsun/nio/ch/NativeDispatcher;)I @ 1
Event: 0.832 Thread 0x000000001cb71800 Uncommon trap: reason=class_check action=maybe_recompile pc=0x0000000002c6b000 method=sun.nio.ch.IOUtil.read(Ljava/io/FileDescriptor;Ljava/nio/ByteBuffer;JLsun/nio/ch/NativeDispatcher;)I @ 1
Event: 0.832 Thread 0x000000001cb71800 Uncommon trap: reason=class_check action=maybe_recompile pc=0x0000000002c7c9b4 method=sun.nio.ch.IOUtil.read(Ljava/io/FileDescriptor;Ljava/nio/ByteBuffer;JLsun/nio/ch/NativeDispatcher;)I @ 1
Event: 1.182 Thread 0x000000001cb71800 Uncommon trap: reason=unstable_if action=reinterpret pc=0x0000000002c300e8 method=sun.font.TrueTypeFont.getDirectoryEntry(I)Lsun/font/TrueTypeFont$DirectoryEntry; @ 7
Event: 1.196 Thread 0x000000001cb71800 Uncommon trap: reason=unstable_if action=reinterpret pc=0x0000000002cadf10 method=java.util.HashMap$HashIterator.<init>(Ljava/util/HashMap;)V @ 38
Event: 1.198 Thread 0x000000001cb71800 Uncommon trap: reason=predicate action=maybe_recompile pc=0x0000000002bcd10c method=java.util.ArrayList.indexOf(Ljava/lang/Object;)I @ 44

Classes redefined (0 events):
No events

Internal exceptions (10 events):
Event: 0.032 Thread 0x0000000002842800 Exception <a 'java/lang/NoSuchMethodError': Method sun.misc.Unsafe.prefetchRead(Ljava/lang/Object;J)V name or signature does not match> (0x0000000780987fa0) thrown at [C:\re\workspace\8-2-build-windows-amd64-cygwin\jdk8u221\13320\hotspot\src\share\vm\prim
Event: 0.103 Thread 0x0000000002842800 Exception <a 'java/security/PrivilegedActionException'> (0x0000000780a4cd38) thrown at [C:\re\workspace\8-2-build-windows-amd64-cygwin\jdk8u221\13320\hotspot\src\share\vm\prims\jvm.cpp, line 1502]
Event: 0.103 Thread 0x0000000002842800 Exception <a 'java/security/PrivilegedActionException'> (0x0000000780a4cf48) thrown at [C:\re\workspace\8-2-build-windows-amd64-cygwin\jdk8u221\13320\hotspot\src\share\vm\prims\jvm.cpp, line 1502]
Event: 0.104 Thread 0x0000000002842800 Exception <a 'java/security/PrivilegedActionException'> (0x0000000780a50e58) thrown at [C:\re\workspace\8-2-build-windows-amd64-cygwin\jdk8u221\13320\hotspot\src\share\vm\prims\jvm.cpp, line 1502]
Event: 0.104 Thread 0x0000000002842800 Exception <a 'java/security/PrivilegedActionException'> (0x0000000780a51068) thrown at [C:\re\workspace\8-2-build-windows-amd64-cygwin\jdk8u221\13320\hotspot\src\share\vm\prims\jvm.cpp, line 1502]
Event: 0.114 Thread 0x0000000002842800 Exception <a 'java/io/FileNotFoundException'> (0x0000000780a5db10) thrown at [C:\re\workspace\8-2-build-windows-amd64-cygwin\jdk8u221\13320\hotspot\src\share\vm\prims\jni.cpp, line 710]
Event: 0.142 Thread 0x0000000002842800 Exception <a 'java/lang/NoSuchFieldError': method resolution failed> (0x0000000780c24d60) thrown at [C:\re\workspace\8-2-build-windows-amd64-cygwin\jdk8u221\13320\hotspot\src\share\vm\prims\methodHandles.cpp, line 1167]
Event: 0.144 Thread 0x0000000002842800 Exception <a 'java/lang/NoSuchFieldError': method resolution failed> (0x0000000780c32130) thrown at [C:\re\workspace\8-2-build-windows-amd64-cygwin\jdk8u221\13320\hotspot\src\share\vm\prims\methodHandles.cpp, line 1167]
Event: 0.207 Thread 0x000000001cb71800 Exception <a 'java/io/FileNotFoundException'> (0x0000000780e592f0) thrown at [C:\re\workspace\8-2-build-windows-amd64-cygwin\jdk8u221\13320\hotspot\src\share\vm\prims\jni.cpp, line 710]
Event: 1.196 Thread 0x000000001cb71800 Implicit null exception at 0x0000000002cadcc0 to 0x0000000002cadef9

Events (10 events):
Event: 1.212 loading class java/text/AttributedString$AttributedStringIterator done
Event: 1.213 loading class java/util/concurrent/locks/LockSupport
Event: 1.213 loading class java/util/concurrent/locks/LockSupport done
Event: 4.141 Executing VM operation: EnableBiasedLocking
Event: 4.141 Executing VM operation: EnableBiasedLocking done
Event: 9.908 loading class java/awt/KeyboardFocusManager$2
Event: 9.908 loading class java/awt/KeyboardFocusManager$2 done
Event: 9.908 loading class sun/awt/SunToolkit$1
Event: 9.908 loading class sun/awt/SunToolkit$1 done
Event: 2160.359 Executing VM operation: CollectForMetadataAllocation


Dynamic libraries:
0x00007ff730ee0000 - 0x00007ff730f17000 	C:\Program Files\Java\jdk1.8.0_221\bin\javaw.exe
0x00007ffbcc7e0000 - 0x00007ffbcc9d0000 	C:\WINDOWS\SYSTEM32\ntdll.dll
0x00007ffbcb570000 - 0x00007ffbcb622000 	C:\WINDOWS\System32\KERNEL32.DLL
0x00007ffbc9840000 - 0x00007ffbc9ae3000 	C:\WINDOWS\System32\KERNELBASE.dll
0x00007ffbcb7d0000 - 0x00007ffbcb873000 	C:\WINDOWS\System32\ADVAPI32.dll
0x00007ffbca9c0000 - 0x00007ffbcaa5e000 	C:\WINDOWS\System32\msvcrt.dll
0x00007ffbcb330000 - 0x00007ffbcb3c7000 	C:\WINDOWS\System32\sechost.dll
0x00007ffbcaa70000 - 0x00007ffbcab90000 	C:\WINDOWS\System32\RPCRT4.dll
0x00007ffbcb3d0000 - 0x00007ffbcb564000 	C:\WINDOWS\System32\USER32.dll
0x00007ffbca690000 - 0x00007ffbca6b1000 	C:\WINDOWS\System32\win32u.dll
0x00007ffbcae80000 - 0x00007ffbcaea6000 	C:\WINDOWS\System32\GDI32.dll
0x00007ffbc9c90000 - 0x00007ffbc9e24000 	C:\WINDOWS\System32\gdi32full.dll
0x00007ffbc9bf0000 - 0x00007ffbc9c8e000 	C:\WINDOWS\System32\msvcp_win.dll
0x00007ffbc9af0000 - 0x00007ffbc9bea000 	C:\WINDOWS\System32\ucrtbase.dll
0x00007ffbbbea0000 - 0x00007ffbbc125000 	C:\WINDOWS\WinSxS\amd64_microsoft.windows.common-controls_6595b64144ccf1df_6.0.18362.592_none_e6c0b1911312be02\COMCTL32.dll
0x00007ffbcbb60000 - 0x00007ffbcbe96000 	C:\WINDOWS\System32\combase.dll
0x00007ffbca6c0000 - 0x00007ffbca740000 	C:\WINDOWS\System32\bcryptPrimitives.dll
0x00007ffbcb7a0000 - 0x00007ffbcb7ce000 	C:\WINDOWS\System32\IMM32.DLL
0x000000005a230000 - 0x000000005a302000 	C:\Program Files\Java\jdk1.8.0_221\jre\bin\msvcr100.dll
0x0000000058f40000 - 0x00000000597e5000 	C:\Program Files\Java\jdk1.8.0_221\jre\bin\server\jvm.dll
0x00007ffbcaa60000 - 0x00007ffbcaa68000 	C:\WINDOWS\System32\PSAPI.DLL
0x00007ffbc2e70000 - 0x00007ffbc2e7a000 	C:\WINDOWS\SYSTEM32\VERSION.dll
0x00007ffbb7bf0000 - 0x00007ffbb7bf9000 	C:\WINDOWS\SYSTEM32\WSOCK32.dll
0x00007ffbc1890000 - 0x00007ffbc18b4000 	C:\WINDOWS\SYSTEM32\WINMM.dll
0x00007ffbcb730000 - 0x00007ffbcb79f000 	C:\WINDOWS\System32\WS2_32.dll
0x00007ffbc1860000 - 0x00007ffbc188d000 	C:\WINDOWS\SYSTEM32\winmmbase.dll
0x00007ffbc97d0000 - 0x00007ffbc981a000 	C:\WINDOWS\System32\cfgmgr32.dll
0x00007ffbc5870000 - 0x00007ffbc587f000 	C:\Program Files\Java\jdk1.8.0_221\jre\bin\verify.dll
0x00007ffbb7050000 - 0x00007ffbb7079000 	C:\Program Files\Java\jdk1.8.0_221\jre\bin\java.dll
0x00007ffbc5810000 - 0x00007ffbc5826000 	C:\Program Files\Java\jdk1.8.0_221\jre\bin\zip.dll
0x00007ffbcbf00000 - 0x00007ffbcc5e5000 	C:\WINDOWS\System32\SHELL32.dll
0x00007ffbcadd0000 - 0x00007ffbcae79000 	C:\WINDOWS\System32\shcore.dll
0x00007ffbc9f10000 - 0x00007ffbca68f000 	C:\WINDOWS\System32\windows.storage.dll
0x00007ffbc9750000 - 0x00007ffbc976f000 	C:\WINDOWS\System32\profapi.dll
0x00007ffbc9700000 - 0x00007ffbc974a000 	C:\WINDOWS\System32\powrprof.dll
0x00007ffbc96b0000 - 0x00007ffbc96c0000 	C:\WINDOWS\System32\UMPDC.dll
0x00007ffbcbea0000 - 0x00007ffbcbef2000 	C:\WINDOWS\System32\shlwapi.dll
0x00007ffbc96c0000 - 0x00007ffbc96d1000 	C:\WINDOWS\System32\kernel.appcore.dll
0x00007ffbc9820000 - 0x00007ffbc9837000 	C:\WINDOWS\System32\cryptsp.dll
0x00007ffb7a890000 - 0x00007ffb7aa29000 	C:\Program Files\Java\jdk1.8.0_221\jre\bin\awt.dll
0x00007ffbcb8e0000 - 0x00007ffbcb9a4000 	C:\WINDOWS\System32\OLEAUT32.dll
0x00007ffbc73c0000 - 0x00007ffbc744f000 	C:\WINDOWS\SYSTEM32\apphelp.dll
0x00007ffbc7680000 - 0x00007ffbc7719000 	C:\WINDOWS\system32\uxtheme.dll
0x00007ffbcc660000 - 0x00007ffbcc795000 	C:\WINDOWS\System32\MSCTF.dll
0x00007ffbcab90000 - 0x00007ffbcace6000 	C:\WINDOWS\System32\ole32.dll
0x00007ffbc7bb0000 - 0x00007ffbc7bdd000 	C:\WINDOWS\system32\DWMAPI.DLL
0x00007ffba9a30000 - 0x00007ffba9b86000 	C:\WINDOWS\system32\opengl32.dll
0x00007ffbaa7d0000 - 0x00007ffbaa7fc000 	C:\WINDOWS\SYSTEM32\GLU32.dll
0x00007ffbc8320000 - 0x00007ffbc8340000 	C:\WINDOWS\SYSTEM32\dxcore.dll
0x00007ffbb4740000 - 0x00007ffbb4789000 	C:\Program Files\Java\jdk1.8.0_221\jre\bin\fontmanager.dll
0x00007ffbb7030000 - 0x00007ffbb704a000 	C:\Program Files\Java\jdk1.8.0_221\jre\bin\net.dll
0x00007ffbba630000 - 0x00007ffbba806000 	C:\WINDOWS\SYSTEM32\urlmon.dll
0x00007ffbbaaf0000 - 0x00007ffbbad96000 	C:\WINDOWS\SYSTEM32\iertutil.dll
0x00007ffbc90f0000 - 0x00007ffbc90fc000 	C:\WINDOWS\SYSTEM32\CRYPTBASE.DLL
0x00007ffbc8f20000 - 0x00007ffbc8f87000 	C:\WINDOWS\system32\mswsock.dll
0x00007ffbb4720000 - 0x00007ffbb4732000 	C:\Program Files\Java\jdk1.8.0_221\jre\bin\nio.dll
0x00007ffbbda20000 - 0x00007ffbbdabe000 	C:\WINDOWS\System32\TextInputFramework.dll
0x00007ffbc7110000 - 0x00007ffbc71e4000 	C:\WINDOWS\System32\CoreMessaging.dll
0x00007ffbc10c0000 - 0x00007ffbc13ea000 	C:\WINDOWS\System32\CoreUIComponents.dll
0x00007ffbc8710000 - 0x00007ffbc8741000 	C:\WINDOWS\SYSTEM32\ntmarta.dll
0x00007ffbc52f0000 - 0x00007ffbc5443000 	C:\WINDOWS\SYSTEM32\wintypes.dll
0x00007ffba2950000 - 0x00007ffba2992000 	C:\Program Files\Java\jdk1.8.0_221\jre\bin\t2k.dll

VM Arguments:
jvm_args: -Dfile.encoding=UTF-8 
java_command: com.subpage.Scientific_Reaseach_SubPage
java_class_path (initial): D:\Eclipse\eclipse-workspace\MyWorld\bin;D:\Eclipse\eclipse-workspace\MyWorld\picture.jar
Launcher Type: SUN_STANDARD

Environment Variables:
JAVA_HOME=C:\Program Files\Java\jdk1.8.0_221
CLASSPATH=.;C:\Program Files\Java\jdk1.8.0_221\lib
PATH=C:/Program Files/Java/jre1.8.0_221/bin/server;C:/Program Files/Java/jre1.8.0_221/bin;C:/Program Files/Java/jre1.8.0_221/lib/amd64;D:\IBM\ILOG\CPLEX_Studio_Community128\opl\bin\x64_win64;D:\IBM\ILOG\CPLEX_Studio_Community128\opl\oplide\;D:\IBM\ILOG\CPLEX_Studio_Community128\cplex\bin\x64_win64;D:\IBM\ILOG\CPLEX_Studio_Community128\cpoptimizer\bin\x64_win64;C:\Program Files\Java\jdk1.8.0_221;C:\Program Files (x86)\Common Files\Oracle\Java\javapath;C:\Program Files\Java\jdk1.8.0_221\bin;"C:\Program Files (x86)\Intel\iCLS Client\;C:\Program Files\Java\jdk1.8.0_221\bin";C:\Program Files\Intel\iCLS Client\;C:\Windows\system32;C:\Windows;C:\Windows\System32\Wbem;C:\Windows\System32\WindowsPowerShell\v1.0\;C:\Program Files (x86)\NVIDIA Corporation\PhysX\Common;C:\Program Files (x86)\Intel\Intel(R) Management Engine Components\DAL;C:\Program Files\Intel\Intel(R) Management Engine Components\DAL;C:\Program Files (x86)\Intel\Intel(R) Management Engine Components\IPT;C:\Program Files\Intel\Intel(R) Management Engine Components\IPT;C:\Program Files (x86)\Microsoft SQL Server\100\Tools\Binn\;C:\Program Files\Microsoft SQL Server\100\Tools\Binn\;C:\Program Files\Microsoft SQL Server\100\DTS\Binn\;C:\WINDOWS\system32;C:\WINDOWS;C:\WINDOWS\System32\Wbem;C:\WINDOWS\System32\WindowsPowerShell\v1.0\;C:\WINDOWS\System32\OpenSSH\;E:\MATLAB\bin\win32;D:\MATLAB\matlab\bin\win32;E:\Git\cmd;C:\Program Files (x86)\GtkSharp\2.12\bin;%MYSQL_HOME%\bin;C:\Program Files\Java\jdk1.8.0_221\bin;C:\Program Files\PuTTY\;C:\Program Files\nodejs\;E:\mysql-8.0.18-winx64\bin;E:\apache-tomcat-8.5.49\bin;E:\apache-tomcat-8.5.49\lib;E:\apache-maven-3.6.3\bin;E:\apache-maven-3.6.3\bin;C:\Users\ASUS\AppData\Local\Pandoc\;D:\360downloads\Microsoft VS Code\bin;C:\WINDOWS\system32;
USERNAME=ASUS
OS=Windows_NT
PROCESSOR_IDENTIFIER=Intel64 Family 6 Model 142 Stepping 10, GenuineIntel



---------------  S Y S T E M  ---------------

OS: Windows 10.0 , 64 bit Build 18362 (10.0.18362.329)

CPU:total 8 (initial active 8) (4 cores per cpu, 2 threads per core) family 6 model 142 stepping 10, cmov, cx8, fxsr, mmx, sse, sse2, sse3, ssse3, sse4.1, sse4.2, popcnt, avx, avx2, aes, clmul, erms, 3dnowpref, lzcnt, ht, tsc, tscinvbit, bmi1, bmi2, adx

Memory: 4k page, physical 12466856k(4131812k free), swap 27958308k(0k free)

vm_info: Java HotSpot(TM) 64-Bit Server VM (25.221-b11) for windows-amd64 JRE (1.8.0_221-b11), built on Jul  4 2019 04:39:29 by "java_re" with MS VC++ 10.0 (VS2010)

time: Tue Feb 11 02:41:31 2020
timezone: 中国标准时间
elapsed time: 2160 seconds (0d 0h 36m 0s)

